<?xml version="1.0" encoding="UTF-8"?>
<!-- Generated by org.testng.reporters.JUnitReportReporter -->
<testsuite skipped="0" hostname="FZK-PC" name="test.TESTActitimeCreateCustomer" tests="1" failures="0" timestamp="05 Sep 2020 00:58:32 GMT" time="9.955" errors="0">
  <testcase name="customer" time="9.955" classname="test.TESTActitimeCreateCustomer"/>
</testsuite> <!-- test.TESTActitimeCreateCustomer -->
